{"contracts/APIConsumer.sol":{"l":{"21":3,"22":0,"24":3,"29":3,"30":3,"31":3,"40":1,"43":1,"55":1,"58":1,"59":1,"62":1,"70":0,"78":0,"79":0,"83":3,"84":3,"85":0,"88":3},"path":"/home/patrick/chainlink/smart-contract-dev-bootcamp/hardhat-starter-kit/contracts/APIConsumer.sol","s":{"1":3,"2":0,"3":3,"4":3,"5":3,"6":3,"7":1,"8":1,"9":1,"10":1,"11":1,"12":1,"13":0,"14":0,"15":0,"16":3,"17":3,"18":0},"b":{"1":[0,3],"2":[0,0],"3":[0,3]},"f":{"1":3,"2":1,"3":0,"4":0,"5":3},"fnMap":{"1":{"name":"constructor","line":20,"loc":{"start":{"line":20,"column":4},"end":{"line":32,"column":4}}},"2":{"name":"requestVolumeData","line":38,"loc":{"start":{"line":38,"column":4},"end":{"line":63,"column":4}}},"3":{"name":"fulfill","line":68,"loc":{"start":{"line":68,"column":4},"end":{"line":71,"column":4}}},"4":{"name":"withdrawLink","line":77,"loc":{"start":{"line":77,"column":4},"end":{"line":80,"column":4}}},"5":{"name":"stringToBytes32","line":82,"loc":{"start":{"line":82,"column":4},"end":{"line":91,"column":4}}}},"statementMap":{"1":{"start":{"line":21,"column":8},"end":{"line":21,"column":581}},"2":{"start":{"line":22,"column":12},"end":{"line":22,"column":36}},"3":{"start":{"line":24,"column":12},"end":{"line":24,"column":35}},"4":{"start":{"line":29,"column":8},"end":{"line":29,"column":23}},"5":{"start":{"line":30,"column":8},"end":{"line":30,"column":38}},"6":{"start":{"line":31,"column":8},"end":{"line":31,"column":17}},"7":{"start":{"line":40,"column":8},"end":{"line":40,"column":109}},"8":{"start":{"line":43,"column":8},"end":{"line":43,"column":102}},"9":{"start":{"line":55,"column":8},"end":{"line":55,"column":54}},"10":{"start":{"line":58,"column":8},"end":{"line":58,"column":32}},"11":{"start":{"line":59,"column":8},"end":{"line":59,"column":43}},"12":{"start":{"line":62,"column":8},"end":{"line":62,"column":59}},"13":{"start":{"line":70,"column":8},"end":{"line":70,"column":23}},"14":{"start":{"line":78,"column":8},"end":{"line":78,"column":82}},"15":{"start":{"line":79,"column":8},"end":{"line":79,"column":104}},"16":{"start":{"line":83,"column":8},"end":{"line":83,"column":56}},"17":{"start":{"line":84,"column":8},"end":{"line":84,"column":2762}},"18":{"start":{"line":85,"column":12},"end":{"line":85,"column":22}}},"branchMap":{"1":{"line":21,"type":"if","locations":[{"start":{"line":21,"column":8},"end":{"line":21,"column":8}},{"start":{"line":21,"column":8},"end":{"line":21,"column":8}}]},"2":{"line":79,"type":"if","locations":[{"start":{"line":79,"column":8},"end":{"line":79,"column":8}},{"start":{"line":79,"column":8},"end":{"line":79,"column":8}}]},"3":{"line":84,"type":"if","locations":[{"start":{"line":84,"column":8},"end":{"line":84,"column":8}},{"start":{"line":84,"column":8},"end":{"line":84,"column":8}}]}}},"contracts/PriceConsumerV3.sol":{"l":{"15":3,"22":1,"29":1},"path":"/home/patrick/chainlink/smart-contract-dev-bootcamp/hardhat-starter-kit/contracts/PriceConsumerV3.sol","s":{"1":3,"2":1,"3":1},"b":{},"f":{"1":3,"2":1},"fnMap":{"1":{"name":"constructor","line":14,"loc":{"start":{"line":14,"column":4},"end":{"line":16,"column":4}}},"2":{"name":"getLatestPrice","line":21,"loc":{"start":{"line":21,"column":4},"end":{"line":30,"column":4}}}},"statementMap":{"1":{"start":{"line":15,"column":8},"end":{"line":15,"column":52}},"2":{"start":{"line":22,"column":8},"end":{"line":22,"column":563}},"3":{"start":{"line":29,"column":8},"end":{"line":29,"column":20}}},"branchMap":{}},"contracts/RandomNumberConsumer.sol":{"l":{"28":3,"29":3,"36":1,"37":1,"44":0,"54":0},"path":"/home/patrick/chainlink/smart-contract-dev-bootcamp/hardhat-starter-kit/contracts/RandomNumberConsumer.sol","s":{"1":3,"2":3,"3":1,"4":1,"5":0,"6":0},"b":{"1":[0,0]},"f":{"1":3,"2":1,"3":0,"4":0},"fnMap":{"1":{"name":"constructor","line":26,"loc":{"start":{"line":19,"column":4},"end":{"line":30,"column":4}}},"2":{"name":"getRandomNumber","line":35,"loc":{"start":{"line":35,"column":4},"end":{"line":38,"column":4}}},"3":{"name":"fulfillRandomness","line":43,"loc":{"start":{"line":43,"column":4},"end":{"line":45,"column":4}}},"4":{"name":"withdrawLink","line":53,"loc":{"start":{"line":53,"column":4},"end":{"line":55,"column":4}}}},"statementMap":{"1":{"start":{"line":28,"column":8},"end":{"line":28,"column":25}},"2":{"start":{"line":29,"column":8},"end":{"line":29,"column":17}},"3":{"start":{"line":36,"column":8},"end":{"line":36,"column":50}},"4":{"start":{"line":37,"column":8},"end":{"line":37,"column":43}},"5":{"start":{"line":44,"column":8},"end":{"line":44,"column":32}},"6":{"start":{"line":54,"column":8},"end":{"line":54,"column":94}}},"branchMap":{"1":{"line":54,"type":"if","locations":[{"start":{"line":54,"column":8},"end":{"line":54,"column":8}},{"start":{"line":54,"column":8},"end":{"line":54,"column":8}}]}}},"contracts/test/LinkToken.sol":{"l":{},"path":"/home/patrick/chainlink/smart-contract-dev-bootcamp/hardhat-starter-kit/contracts/test/LinkToken.sol","s":{},"b":{},"f":{},"fnMap":{},"statementMap":{},"branchMap":{}},"contracts/test/MockOracle.sol":{"l":{"51":9,"82":1,"83":1,"85":1,"87":1,"92":1,"121":0,"122":0,"123":0,"127":0,"128":0,"149":0,"151":0,"153":0,"154":0,"156":0,"170":2,"180":0,"181":0,"190":1,"191":1},"path":"/home/patrick/chainlink/smart-contract-dev-bootcamp/hardhat-starter-kit/contracts/test/MockOracle.sol","s":{"1":9,"2":1,"3":1,"4":1,"5":1,"6":1,"7":0,"8":0,"9":0,"10":0,"11":0,"12":0,"13":0,"14":0,"15":2,"16":0,"17":1},"b":{"1":[1,0],"2":[0,0],"3":[0,0],"4":[0,0],"5":[0,0],"6":[1,0]},"f":{"1":9,"2":1,"3":0,"4":0,"5":2,"6":0,"7":1},"fnMap":{"1":{"name":"constructor","line":48,"loc":{"start":{"line":48,"column":2},"end":{"line":52,"column":2}}},"2":{"name":"oracleRequest","line":80,"loc":{"start":{"line":67,"column":2},"end":{"line":102,"column":2}}},"3":{"name":"fulfillOracleRequest","line":118,"loc":{"start":{"line":113,"column":2},"end":{"line":129,"column":2}}},"4":{"name":"cancelOracleRequest","line":140,"loc":{"start":{"line":140,"column":2},"end":{"line":157,"column":2}}},"5":{"name":"getChainlinkToken","line":164,"loc":{"start":{"line":164,"column":2},"end":{"line":171,"column":2}}},"6":{"name":"isValidRequest","line":179,"loc":{"start":{"line":179,"column":2},"end":{"line":182,"column":2}}},"7":{"name":"checkCallbackAddress","line":189,"loc":{"start":{"line":189,"column":2},"end":{"line":192,"column":2}}}},"statementMap":{"1":{"start":{"line":51,"column":4},"end":{"line":51,"column":40}},"2":{"start":{"line":82,"column":4},"end":{"line":82,"column":68}},"3":{"start":{"line":83,"column":4},"end":{"line":83,"column":85}},"4":{"start":{"line":85,"column":4},"end":{"line":85,"column":45}},"5":{"start":{"line":87,"column":4},"end":{"line":87,"column":2767}},"6":{"start":{"line":92,"column":4},"end":{"line":92,"column":2875}},"7":{"start":{"line":121,"column":4},"end":{"line":121,"column":48}},"8":{"start":{"line":123,"column":4},"end":{"line":123,"column":87}},"9":{"start":{"line":127,"column":4},"end":{"line":127,"column":111}},"10":{"start":{"line":128,"column":4},"end":{"line":128,"column":18}},"11":{"start":{"line":149,"column":4},"end":{"line":149,"column":86}},"12":{"start":{"line":151,"column":4},"end":{"line":151,"column":56}},"13":{"start":{"line":154,"column":4},"end":{"line":154,"column":40}},"14":{"start":{"line":156,"column":4},"end":{"line":156,"column":51}},"15":{"start":{"line":170,"column":4},"end":{"line":170,"column":29}},"16":{"start":{"line":180,"column":4},"end":{"line":180,"column":93}},"17":{"start":{"line":190,"column":4},"end":{"line":190,"column":64}}},"branchMap":{"1":{"line":83,"type":"if","locations":[{"start":{"line":83,"column":4},"end":{"line":83,"column":4}},{"start":{"line":83,"column":4},"end":{"line":83,"column":4}}]},"2":{"line":123,"type":"if","locations":[{"start":{"line":123,"column":4},"end":{"line":123,"column":4}},{"start":{"line":123,"column":4},"end":{"line":123,"column":4}}]},"3":{"line":149,"type":"if","locations":[{"start":{"line":149,"column":4},"end":{"line":149,"column":4}},{"start":{"line":149,"column":4},"end":{"line":149,"column":4}}]},"4":{"line":151,"type":"if","locations":[{"start":{"line":151,"column":4},"end":{"line":151,"column":4}},{"start":{"line":151,"column":4},"end":{"line":151,"column":4}}]},"5":{"line":180,"type":"if","locations":[{"start":{"line":180,"column":4},"end":{"line":180,"column":4}},{"start":{"line":180,"column":4},"end":{"line":180,"column":4}}]},"6":{"line":190,"type":"if","locations":[{"start":{"line":190,"column":4},"end":{"line":190,"column":4}},{"start":{"line":190,"column":4},"end":{"line":190,"column":4}}]}}},"contracts/test/MockV3Aggregator.sol":{"l":{},"path":"/home/patrick/chainlink/smart-contract-dev-bootcamp/hardhat-starter-kit/contracts/test/MockV3Aggregator.sol","s":{},"b":{},"f":{},"fnMap":{},"statementMap":{},"branchMap":{}},"contracts/test/VRFCoordinatorMock.sol":{"l":{},"path":"/home/patrick/chainlink/smart-contract-dev-bootcamp/hardhat-starter-kit/contracts/test/VRFCoordinatorMock.sol","s":{},"b":{},"f":{},"fnMap":{},"statementMap":{},"branchMap":{}},"contracts/Voting.sol":{"l":{"32":0,"33":0,"38":0,"42":0,"62":0,"66":0,"70":0,"71":0,"77":0,"78":0,"80":0,"90":0,"91":0,"94":0,"99":0,"100":0,"101":0,"102":0,"105":0,"109":0,"116":0,"117":0,"118":0,"119":0,"120":0,"125":0,"133":0,"134":0,"135":0,"136":0,"137":0,"148":0},"path":"/home/patrick/chainlink/smart-contract-dev-bootcamp/hardhat-starter-kit/contracts/Voting.sol","s":{"1":0,"2":0,"3":0,"4":0,"5":0,"6":0,"7":0,"8":0,"9":0,"10":0,"11":0,"12":0,"13":0,"14":0,"15":0,"16":0,"17":0,"18":0,"19":0,"20":0,"21":0,"22":0,"23":0,"24":0,"25":0,"26":0,"27":0,"28":0,"29":0,"30":0,"31":0,"32":0},"b":{"1":[0,0],"2":[0,0],"3":[0,0],"4":[0,0],"5":[0,0],"6":[0,0],"7":[0,0],"8":[0,0],"9":[0,0],"10":[0,0]},"f":{"1":0,"2":0,"3":0,"4":0,"5":0,"6":0},"fnMap":{"1":{"name":"constructor","line":31,"loc":{"start":{"line":31,"column":4},"end":{"line":47,"column":4}}},"2":{"name":"giveRightToVote","line":51,"loc":{"start":{"line":51,"column":4},"end":{"line":72,"column":4}}},"3":{"name":"delegate","line":75,"loc":{"start":{"line":75,"column":4},"end":{"line":111,"column":4}}},"4":{"name":"vote","line":115,"loc":{"start":{"line":115,"column":4},"end":{"line":126,"column":4}}},"5":{"name":"winningProposal","line":130,"loc":{"start":{"line":130,"column":4},"end":{"line":140,"column":4}}},"6":{"name":"winnerName","line":145,"loc":{"start":{"line":145,"column":4},"end":{"line":149,"column":4}}}},"statementMap":{"1":{"start":{"line":32,"column":8},"end":{"line":32,"column":31}},"2":{"start":{"line":33,"column":8},"end":{"line":33,"column":37}},"3":{"start":{"line":38,"column":8},"end":{"line":38,"column":1265}},"4":{"start":{"line":42,"column":12},"end":{"line":42,"column":1496}},"5":{"start":{"line":62,"column":8},"end":{"line":62,"column":2264}},"6":{"start":{"line":66,"column":8},"end":{"line":66,"column":2386}},"7":{"start":{"line":70,"column":8},"end":{"line":70,"column":41}},"8":{"start":{"line":71,"column":8},"end":{"line":71,"column":31}},"9":{"start":{"line":77,"column":8},"end":{"line":77,"column":49}},"10":{"start":{"line":78,"column":8},"end":{"line":78,"column":51}},"11":{"start":{"line":80,"column":8},"end":{"line":80,"column":66}},"12":{"start":{"line":90,"column":8},"end":{"line":90,"column":3274}},"13":{"start":{"line":91,"column":12},"end":{"line":91,"column":35}},"14":{"start":{"line":94,"column":12},"end":{"line":94,"column":65}},"15":{"start":{"line":99,"column":8},"end":{"line":99,"column":26}},"16":{"start":{"line":100,"column":8},"end":{"line":100,"column":27}},"17":{"start":{"line":101,"column":8},"end":{"line":101,"column":44}},"18":{"start":{"line":102,"column":8},"end":{"line":102,"column":3706}},"19":{"start":{"line":105,"column":12},"end":{"line":105,"column":63}},"20":{"start":{"line":109,"column":12},"end":{"line":109,"column":44}},"21":{"start":{"line":116,"column":8},"end":{"line":116,"column":49}},"22":{"start":{"line":117,"column":8},"end":{"line":117,"column":58}},"23":{"start":{"line":118,"column":8},"end":{"line":118,"column":47}},"24":{"start":{"line":119,"column":8},"end":{"line":119,"column":26}},"25":{"start":{"line":120,"column":8},"end":{"line":120,"column":29}},"26":{"start":{"line":125,"column":8},"end":{"line":125,"column":53}},"27":{"start":{"line":133,"column":8},"end":{"line":133,"column":33}},"28":{"start":{"line":134,"column":8},"end":{"line":134,"column":4853}},"29":{"start":{"line":135,"column":12},"end":{"line":135,"column":4915}},"30":{"start":{"line":136,"column":16},"end":{"line":136,"column":56}},"31":{"start":{"line":137,"column":16},"end":{"line":137,"column":35}},"32":{"start":{"line":148,"column":8},"end":{"line":148,"column":54}}},"branchMap":{"1":{"line":62,"type":"if","locations":[{"start":{"line":62,"column":8},"end":{"line":62,"column":8}},{"start":{"line":62,"column":8},"end":{"line":62,"column":8}}]},"2":{"line":66,"type":"if","locations":[{"start":{"line":66,"column":8},"end":{"line":66,"column":8}},{"start":{"line":66,"column":8},"end":{"line":66,"column":8}}]},"3":{"line":70,"type":"if","locations":[{"start":{"line":70,"column":8},"end":{"line":70,"column":8}},{"start":{"line":70,"column":8},"end":{"line":70,"column":8}}]},"4":{"line":78,"type":"if","locations":[{"start":{"line":78,"column":8},"end":{"line":78,"column":8}},{"start":{"line":78,"column":8},"end":{"line":78,"column":8}}]},"5":{"line":80,"type":"if","locations":[{"start":{"line":80,"column":8},"end":{"line":80,"column":8}},{"start":{"line":80,"column":8},"end":{"line":80,"column":8}}]},"6":{"line":94,"type":"if","locations":[{"start":{"line":94,"column":12},"end":{"line":94,"column":12}},{"start":{"line":94,"column":12},"end":{"line":94,"column":12}}]},"7":{"line":102,"type":"if","locations":[{"start":{"line":102,"column":8},"end":{"line":102,"column":8}},{"start":{"line":102,"column":8},"end":{"line":102,"column":8}}]},"8":{"line":117,"type":"if","locations":[{"start":{"line":117,"column":8},"end":{"line":117,"column":8}},{"start":{"line":117,"column":8},"end":{"line":117,"column":8}}]},"9":{"line":118,"type":"if","locations":[{"start":{"line":118,"column":8},"end":{"line":118,"column":8}},{"start":{"line":118,"column":8},"end":{"line":118,"column":8}}]},"10":{"line":135,"type":"if","locations":[{"start":{"line":135,"column":12},"end":{"line":135,"column":12}},{"start":{"line":135,"column":12},"end":{"line":135,"column":12}}]}}}}